<?xml version="1.0" encoding="UTF-8"?>
<testsuite xmlns:xsi="http://www.w3.org/2001/XMLSchema-instance" xsi:noNamespaceSchemaLocation="https://maven.apache.org/surefire/maven-surefire-plugin/xsd/surefire-test-report-3.0.xsd" version="3.0" name="com.landingpage.langinnails.LanginnailsApplicationTests" time="8.459" tests="1" errors="0" skipped="0" failures="0">
  <properties>
[...]
</properties>
  <testcase name="contextLoads" classname="com.landingpage.langinnails.LanginnailsApplicationTests" time="2.137">
    <system-out><![CDATA[22:49:08.874 [main] INFO org.springframework.test.context.support.AnnotationConfigContextLoaderUtils -- Could not detect default configuration classes for test class [com.landingpage.langinnails.LanginnailsApplicationTests]: LanginnailsApplicationTests does not declare any static, non-private, non-final, nested classes annotated with @Configuration.
22:49:09.198 [main] INFO org.springframework.boot.test.context.SpringBootTestContextBootstrapper -- Found @SpringBootConfiguration com.landingpage.langinnails.LanginnailsApplication for test class com.landingpage.langinnails.LanginnailsApplicationTests
22:49:09.691 [main] INFO org.springframework.boot.devtools.restart.RestartApplicationListener -- Restart disabled due to context in which it is running

  .   ____          _            __ _ _
 /\\ / ___'_ __ _ _(_)_ __  __ _ \ \ \ \
( ( )\___ | '_ | '_| | '_ \/ _` | \ \ \ \
 \\/  ___)| |_)| | | | | || (_| |  ) ) ) )
  '  |____| .__|_| |_|_| |_\__, | / / / /
 =========|_|==============|___/=/_/_/_/

 :: Spring Boot ::                (v3.3.2)

2024-08-14T22:49:10.555-03:00  INFO 386857 --- [langinnails] [           main] c.l.l.LanginnailsApplicationTests        : Starting LanginnailsApplicationTests using Java 22.0.1 with PID 386857 (started by tobias in /home/tobias/Escritorio/Eclipse/langinnails)
2024-08-14T22:49:10.559-03:00  INFO 386857 --- [langinnails] [           main] c.l.l.LanginnailsApplicationTests        : No active profile set, falling back to 1 default profile: "default"
2024-08-14T22:49:13.158-03:00  WARN 386857 --- [langinnails] [           main] o.s.security.core.userdetails.User       : User.withDefaultPasswordEncoder() is considered unsafe for production and is only intended for sample applications.
2024-08-14T22:49:13.363-03:00  WARN 386857 --- [langinnails] [           main] o.s.security.core.userdetails.User       : User.withDefaultPasswordEncoder() is considered unsafe for production and is only intended for sample applications.
2024-08-14T22:49:13.535-03:00  INFO 386857 --- [langinnails] [           main] r$InitializeUserDetailsManagerConfigurer : Global AuthenticationManager configured with UserDetailsService bean with name userDetailsService
2024-08-14T22:49:13.688-03:00  INFO 386857 --- [langinnails] [           main] o.s.b.a.w.s.WelcomePageHandlerMapping    : Adding welcome page template: index
2024-08-14T22:49:14.493-03:00  INFO 386857 --- [langinnails] [           main] c.l.l.LanginnailsApplicationTests        : Started LanginnailsApplicationTests in 4.861 seconds (process running for 7.948)
]]></system-out>
    <system-err><![CDATA[WARNING: A Java agent has been loaded dynamically (/home/tobias/.m2/repository/net/bytebuddy/byte-buddy-agent/1.14.18/byte-buddy-agent-1.14.18.jar)
WARNING: If a serviceability tool is in use, please run with -XX:+EnableDynamicAgentLoading to hide this warning
WARNING: If a serviceability tool is not in use, please run with -Djdk.instrument.traceUsage for more information
WARNING: Dynamic loading of agents will be disallowed by default in a future release
]]></system-err>
  </testcase>
</testsuite>